<?xml version="1.0" encoding="UTF-8"?>
<testng-results ignored="0" total="4" passed="4" failed="0" skipped="0">
  <reporter-output>
  </reporter-output>
  <suite started-at="2023-06-23T09:46:34 IST" name="PetSuite" finished-at="2023-06-23T09:46:51 IST" duration-ms="16785">
    <groups>
    </groups>
    <test started-at="2023-06-23T09:46:34 IST" name="PetTest" finished-at="2023-06-23T09:46:51 IST" duration-ms="16785">
      <class name="api.test.UserTest2">
        <test-method is-config="true" signature="setup()[pri:0, instance:api.test.UserTest2@368247b9]" started-at="2023-06-23T09:46:34 IST" name="setup" finished-at="2023-06-23T09:46:36 IST" duration-ms="1630" status="PASS">
          <reporter-output>
          </reporter-output>
        </test-method> <!-- setup -->
        <test-method signature="testPostUser()[pri:1, instance:api.test.UserTest2@368247b9]" started-at="2023-06-23T09:46:36 IST" name="testPostUser" finished-at="2023-06-23T09:46:43 IST" duration-ms="6684" status="PASS">
          <reporter-output>
          </reporter-output>
        </test-method> <!-- testPostUser -->
        <test-method signature="testGetUserByName()[pri:2, instance:api.test.UserTest2@368247b9]" started-at="2023-06-23T09:46:43 IST" name="testGetUserByName" finished-at="2023-06-23T09:46:44 IST" duration-ms="1901" status="PASS">
          <reporter-output>
          </reporter-output>
        </test-method> <!-- testGetUserByName -->
        <test-method signature="testUpdateUserByName()[pri:3, instance:api.test.UserTest2@368247b9]" started-at="2023-06-23T09:46:44 IST" name="testUpdateUserByName" finished-at="2023-06-23T09:46:49 IST" duration-ms="4240" status="PASS">
          <reporter-output>
          </reporter-output>
        </test-method> <!-- testUpdateUserByName -->
        <test-method signature="deleteUserByName()[pri:4, instance:api.test.UserTest2@368247b9]" started-at="2023-06-23T09:46:49 IST" name="deleteUserByName" finished-at="2023-06-23T09:46:51 IST" duration-ms="1835" status="PASS">
          <reporter-output>
          </reporter-output>
        </test-method> <!-- deleteUserByName -->
      </class> <!-- api.test.UserTest2 -->
    </test> <!-- PetTest -->
  </suite> <!-- PetSuite -->
</testng-results>
