<?xml version="1.0" encoding="UTF-8"?>
<testng-results ignored="0" total="4" passed="4" failed="0" skipped="0">
  <reporter-output>
  </reporter-output>
  <suite started-at="2023-06-23T08:33:07 IST" name="PetSuite" finished-at="2023-06-23T08:33:23 IST" duration-ms="16266">
    <groups>
    </groups>
    <test started-at="2023-06-23T08:33:07 IST" name="PetTest" finished-at="2023-06-23T08:33:23 IST" duration-ms="16266">
      <class name="api.test.UserTest2">
        <test-method is-config="true" signature="setup()[pri:0, instance:api.test.UserTest2@55a147cc]" started-at="2023-06-23T08:33:08 IST" name="setup" finished-at="2023-06-23T08:33:09 IST" duration-ms="1278" status="PASS">
          <reporter-output>
          </reporter-output>
        </test-method> <!-- setup -->
        <test-method signature="testPostUser()[pri:1, instance:api.test.UserTest2@55a147cc]" started-at="2023-06-23T08:33:09 IST" name="testPostUser" finished-at="2023-06-23T08:33:15 IST" duration-ms="5655" status="PASS">
          <reporter-output>
          </reporter-output>
        </test-method> <!-- testPostUser -->
        <test-method signature="testGetUserByName()[pri:2, instance:api.test.UserTest2@55a147cc]" started-at="2023-06-23T08:33:15 IST" name="testGetUserByName" finished-at="2023-06-23T08:33:17 IST" duration-ms="1975" status="PASS">
          <reporter-output>
          </reporter-output>
        </test-method> <!-- testGetUserByName -->
        <test-method signature="testUpdateUserByName()[pri:3, instance:api.test.UserTest2@55a147cc]" started-at="2023-06-23T08:33:17 IST" name="testUpdateUserByName" finished-at="2023-06-23T08:33:21 IST" duration-ms="4418" status="PASS">
          <reporter-output>
          </reporter-output>
        </test-method> <!-- testUpdateUserByName -->
        <test-method signature="deleteUserByName()[pri:4, instance:api.test.UserTest2@55a147cc]" started-at="2023-06-23T08:33:21 IST" name="deleteUserByName" finished-at="2023-06-23T08:33:23 IST" duration-ms="2105" status="PASS">
          <reporter-output>
          </reporter-output>
        </test-method> <!-- deleteUserByName -->
      </class> <!-- api.test.UserTest2 -->
    </test> <!-- PetTest -->
  </suite> <!-- PetSuite -->
</testng-results>
