<?xml version="1.0" encoding="UTF-8"?>
<!-- Generated by org.testng.reporters.JUnitXMLReporter -->
<testsuite ignored="0" hostname="LAPTOP-B9B0F96F" failures="0" tests="4" name="PetTest" time="16.785" errors="0" timestamp="2023-06-23T09:46:51 IST">
  <testcase classname="api.test.UserTest2" name="testPostUser" time="6.684"/>
  <testcase classname="api.test.UserTest2" name="testGetUserByName" time="1.901"/>
  <testcase classname="api.test.UserTest2" name="testUpdateUserByName" time="4.24"/>
  <testcase classname="api.test.UserTest2" name="deleteUserByName" time="1.835"/>
</testsuite> <!-- PetTest -->
